[debug] [2021-02-07T13:19:06.481Z] ----------------------------------------------------------------------
[debug] [2021-02-07T13:19:06.484Z] Command:       C:\Program Files\nodejs\node.exe C:\Users\hp\AppData\Roaming\npm\node_modules\firebase-tools\lib\bin\firebase.js init hosting
[debug] [2021-02-07T13:19:06.484Z] CLI Version:   9.3.0
[debug] [2021-02-07T13:19:06.485Z] Platform:      win32
[debug] [2021-02-07T13:19:06.485Z] Node Version:  v12.14.0
[debug] [2021-02-07T13:19:06.486Z] Time:          Sun Feb 07 2021 16:19:06 GMT+0300 (Arabian Standard Time)
[debug] [2021-02-07T13:19:06.487Z] ----------------------------------------------------------------------
[debug] [2021-02-07T13:19:06.487Z] 
[debug] [2021-02-07T13:19:06.499Z] > command requires scopes: ["email","openid","https://www.googleapis.com/auth/cloudplatformprojects.readonly","https://www.googleapis.com/auth/firebase","https://www.googleapis.com/auth/cloud-platform"]
[debug] [2021-02-07T13:19:06.500Z] > authorizing via signed-in user
[info] 
     ######## #### ########  ######## ########     ###     ######  ########
     ##        ##  ##     ## ##       ##     ##  ##   ##  ##       ##
     ######    ##  ########  ######   ########  #########  ######  ######
     ##        ##  ##    ##  ##       ##     ## ##     ##       ## ##
     ##       #### ##     ## ######## ########  ##     ##  ######  ########

You're about to initialize a Firebase project in this directory:

  E:\abubakr\projects\Clones\twitter-clone

[info] 
=== Project Setup
[info] 
[info] First, let's associate this project directory with a Firebase project.
[info] You can create multiple project aliases by running firebase use --add, 
[info] but for now we'll just set up a default project.
[info] 
[debug] [2021-02-07T13:19:37.767Z] >>> [apiv2][query] GET https://firebase.googleapis.com/v1beta1/projects pageSize=100
[debug] [2021-02-07T13:19:38.800Z] <<< [apiv2][status] GET https://firebase.googleapis.com/v1beta1/projects 200
[debug] [2021-02-07T13:19:38.800Z] <<< [apiv2][body] GET https://firebase.googleapis.com/v1beta1/projects [omitted]
[info] i  Using project twitter-clone-10b67 (twitter-clone) 
[info] 
=== Hosting Setup
[info] 
[info] Your public directory is the folder (relative to your project directory) that
[info] will contain Hosting assets to be uploaded with firebase deploy. If you
[info] have a build process for your assets, use your build's output directory.
[info] 
